C51 COMPILER V9.57.0.0   LCD                                                               01/04/2023 10:02:33 PAGE 1   


C51 COMPILER V9.57.0.0, COMPILATION OF MODULE LCD
OBJECT MODULE PLACED IN .\Objects\LCD.obj
COMPILER INVOKED BY: D:\Program Files (x86)\Keil\MDK\C51\BIN\C51.EXE LCD.c OPTIMIZE(8,SPEED) BROWSE DEBUG OBJECTEXTEND P
                    -RINT(.\Listings\LCD.lst) TABS(2) OBJECT(.\Objects\LCD.obj)

line level    source

   1          #include <REGX52.H>
   2          #include "Delay.h"
   3          
   4          //引脚定义
   5          sbit LCD_RS=P2^6;
   6          sbit LCD_RW=P2^5;
   7          sbit LCD_EP=P2^7;
   8          #define LCD P0
   9          
  10          /**********************************************************************
  11          功能：LCD1602写命令
  12          参数：command 要写入的命令
  13          返回值：无
  14          **********************************************************************/
  15          void LCD_WriteCommand(unsigned char command)
  16          {
  17   1        //写命令模式设置
  18   1        LCD_RS=0;
  19   1        LCD_RW=0;
  20   1        //命令
  21   1        LCD=command;
  22   1        //命令写入
  23   1        LCD_EP=1;
  24   1        Delay(1);
  25   1        //写入完成
  26   1        LCD_EP=0;
  27   1        Delay(1);
  28   1      }
  29          /**********************************************************************
  30          功能：LCD1602写数据
  31          参数：datas 要写入的数据
  32          返回值：无
  33          **********************************************************************/
  34          void LCD_WriteData(unsigned char datas)
  35          {
  36   1        //写数据模式设置
  37   1        LCD_RS=1;
  38   1        LCD_RW=0;
  39   1        //数据
  40   1        LCD=datas;
  41   1        //数据写入
  42   1        LCD_EP=1;
  43   1        Delay(1);
  44   1        //写入完成
  45   1        LCD_EP=0;
  46   1        Delay(1);
  47   1      }
  48          /********************************************************************************
  49          功能：LCD1602液晶初始化
  50          参数：无
  51          返回值：无
  52          ********************************************************************************/
  53          void LCD_Init(void)
  54          {
C51 COMPILER V9.57.0.0   LCD                                                               01/04/2023 10:02:33 PAGE 2   

  55   1        //工作方式设置:8位数据，2行显示，5x10点阵
  56   1        LCD_WriteCommand(0X3C);
  57   1        //显示状态设置：显示开、光标关、闪烁关
  58   1        LCD_WriteCommand(0X0C);
  59   1        //光标右移，AC值加1
  60   1        LCD_WriteCommand(0X14);
  61   1        //读写操作后，AC值自动加1
  62   1        LCD_WriteCommand(0X06);
  63   1        //归位
  64   1        LCD_WriteCommand(0X02);
  65   1        //清屏
  66   1        LCD_WriteCommand(0X01);
  67   1      }
  68          
  69          /**********************************************************************
  70          功能：LCD1602液晶显示一个字符
  71          参数：row 显示行位置，columns 显示列位置，character 要显示的字符
  72          返回值：无
  73          **********************************************************************/
  74          void LCD_ShowChar(unsigned char row,unsigned char columns,unsigned char character)
  75          {
  76   1        if(row==1){LCD_WriteCommand(0X80|(columns-1));}
  77   1        else if(row==2){LCD_WriteCommand(0X80|(columns-1)+0X40);}
  78   1        LCD_WriteData(character);
  79   1      }
  80          
  81          /**********************************************************************
  82          功能：LCD1602液晶显示一个字符串
  83          参数：row 显示行位置，columns 显示列位置，string 要显示的字符
  84          返回值：无
  85          **********************************************************************/
  86          void LCD_ShowString(unsigned char row,unsigned char columns,unsigned char* string)
  87          {
  88   1        unsigned char i=0;
  89   1        
  90   1        for(i=0;string[i]!='\0';i++)
  91   1        {
  92   2          LCD_ShowChar(row,columns+i,string[i]);
  93   2      //    Delay(10);
  94   2        }
  95   1      }
  96          
  97          /**********************************************************************
  98          功能：LCD1602液晶显示一个数字
  99          参数：row 显示行位置，columns 显示列位置，number 要显示的数字，length 数字长度
 100          返回值：无
 101          **********************************************************************/
 102          void LCD_ShowNumber(unsigned char row,unsigned char columns,unsigned int number,unsigned char length)
 103          {
 104   1        //把数字分解成字符串
 105   1        unsigned char i=0;
 106   1        
 107   1        for(i=length;i>0;i--)
 108   1        {
 109   2          LCD_ShowChar(row,columns+i-1,(number%10)+'0');
 110   2          number=number/10;
 111   2        }
 112   1      }


MODULE INFORMATION:   STATIC OVERLAYABLE
   CODE SIZE        =    233    ----
C51 COMPILER V9.57.0.0   LCD                                                               01/04/2023 10:02:33 PAGE 3   

   CONSTANT SIZE    =   ----    ----
   XDATA SIZE       =   ----    ----
   PDATA SIZE       =   ----    ----
   DATA SIZE        =   ----      15
   IDATA SIZE       =   ----    ----
   BIT SIZE         =   ----    ----
END OF MODULE INFORMATION.


C51 COMPILATION COMPLETE.  0 WARNING(S),  0 ERROR(S)
