C51 COMPILER V9.57.0.0   MAIN                                                              01/01/2023 13:36:19 PAGE 1   


C51 COMPILER V9.57.0.0, COMPILATION OF MODULE MAIN
OBJECT MODULE PLACED IN .\Objects\main.obj
COMPILER INVOKED BY: D:\Program Files (x86)\Keil\MDK\C51\BIN\C51.EXE main.c OPTIMIZE(8,SPEED) BROWSE DEBUG OBJECTEXTEND 
                    -PRINT(.\Listings\main.lst) TABS(2) OBJECT(.\Objects\main.obj)

line level    source

   1          /*实现功能：
   2            *1.点亮一个LED灯
   3            *2.LED灯左流水
   4            *3.LED灯右流水
   5          */
   6          
   7          #include <REGX52.H>
   8          #include<INTRINS.H>
   9          #include "Delay.h"
  10          
  11          //引脚定义
  12          sfr LED=0XA0;
  13          
  14          void main(void)
  15          {
  16   1        //功能1
  17   1        LED=0XFE;
  18   1        //功能2 
  19   1      //  while(1)
  20   1      //  {
  21   1      //    Delay(500);
  22   1      //    LED=_crol_(LED,1);//左移
  23   1      //    Delay(500);
  24   1      //  }
  25   1      //  
  26   1        //功能3
  27   1        while(1)
  28   1        {
  29   2          Delay(500);
  30   2          LED=_cror_(LED,1);//右移
  31   2          Delay(500);
  32   2        }
  33   1        
  34   1      }


MODULE INFORMATION:   STATIC OVERLAYABLE
   CODE SIZE        =     32    ----
   CONSTANT SIZE    =   ----    ----
   XDATA SIZE       =   ----    ----
   PDATA SIZE       =   ----    ----
   DATA SIZE        =   ----    ----
   IDATA SIZE       =   ----    ----
   BIT SIZE         =   ----    ----
END OF MODULE INFORMATION.


C51 COMPILATION COMPLETE.  0 WARNING(S),  0 ERROR(S)
