C51 COMPILER V9.57.0.0   MAIN                                                              01/04/2023 10:44:56 PAGE 1   


C51 COMPILER V9.57.0.0, COMPILATION OF MODULE MAIN
OBJECT MODULE PLACED IN .\Objects\main.obj
COMPILER INVOKED BY: D:\Program Files (x86)\Keil\MDK\C51\BIN\C51.EXE main.c OPTIMIZE(8,SPEED) BROWSE DEBUG OBJECTEXTEND 
                    -PRINT(.\Listings\main.lst) TABS(2) OBJECT(.\Objects\main.obj)

line level    source

   1          /*
   2           *实现功能：
   3           *功能1：LCD1602液晶上显示按键键值
   4           */
   5          #include <REGX52.H>
   6          #include "MatrixKeyboard.h"
   7          #include "LCD.h" 
   8          
   9          void main(void)
  10          {
  11   1        LCD_Init();
  12   1        while(1)
  13   1        {
  14   2          unsigned char keyNum=getMatrixKeyboardNum();
  15   2          
  16   2          if(keyNum<10&&keyNum>0)
  17   2          {
  18   3            LCD_ShowNumber(1,1,0,1);
  19   3            LCD_ShowNumber(1,2,keyNum,1);
  20   3          }
  21   2          else if(keyNum>=10)
  22   2          {
  23   3            LCD_ShowNumber(1,1,keyNum,2);
  24   3          }
  25   2        }
  26   1      }


MODULE INFORMATION:   STATIC OVERLAYABLE
   CODE SIZE        =     75    ----
   CONSTANT SIZE    =   ----    ----
   XDATA SIZE       =   ----    ----
   PDATA SIZE       =   ----    ----
   DATA SIZE        =   ----       1
   IDATA SIZE       =   ----    ----
   BIT SIZE         =   ----    ----
END OF MODULE INFORMATION.


C51 COMPILATION COMPLETE.  0 WARNING(S),  0 ERROR(S)
