C51 COMPILER V9.57.0.0   MATRIXKEYBOARD                                                    01/04/2023 11:03:46 PAGE 1   


C51 COMPILER V9.57.0.0, COMPILATION OF MODULE MATRIXKEYBOARD
OBJECT MODULE PLACED IN .\Objects\MatrixKeyboard.obj
COMPILER INVOKED BY: D:\Program Files (x86)\Keil\MDK\C51\BIN\C51.EXE MatrixKeyboard.c OPTIMIZE(8,SPEED) BROWSE DEBUG OBJ
                    -ECTEXTEND PRINT(.\Listings\MatrixKeyboard.lst) TABS(2) OBJECT(.\Objects\MatrixKeyboard.obj)

line level    source

   1          #include <REGX52.H>
   2          #include "Delay.h"
   3          /********************************************************************************
   4          功能：获取矩阵键盘键值
   5          参数：无
   6          返回值：返回键值
   7          ********************************************************************************/
   8          unsigned char getMatrixKeyboardNum(void)
   9          {
  10   1        unsigned char key=0;
  11   1        
  12   1        P1_3=0,P1_2=1,P1_1=1,P1_0=1;
  13   1        if(P1_7==0)
  14   1        {
  15   2          Delay(20);//消抖
  16   2          while(P1_7==0);//等待按键释放
  17   2          Delay(20);//消抖
  18   2          key=1;
  19   2        }
  20   1        if(P1_6==0){Delay(20);while(P1_6==0);Delay(20);key=5;}
  21   1        if(P1_5==0){Delay(20);while(P1_5==0);Delay(20);key=9;}
  22   1        if(P1_4==0){Delay(20);while(P1_4==0);Delay(20);key=13;}
  23   1        
  24   1        P1_3=1,P1_2=0,P1_1=1,P1_0=1;
  25   1        if(P1_7==0){Delay(20);while(P1_7==0);Delay(20);key=2;}
  26   1        if(P1_6==0){Delay(20);while(P1_6==0);Delay(20);key=6;}
  27   1        if(P1_5==0){Delay(20);while(P1_5==0);Delay(20);key=10;}
  28   1        if(P1_4==0){Delay(20);while(P1_4==0);Delay(20);key=14;}
  29   1        
  30   1        P1_3=1,P1_2=1,P1_1=0,P1_0=1;
  31   1        if(P1_7==0){Delay(20);while(P1_7==0);Delay(20);key=3;}
  32   1        if(P1_6==0){Delay(20);while(P1_6==0);Delay(20);key=7;}
  33   1        if(P1_5==0){Delay(20);while(P1_5==0);Delay(20);key=11;}
  34   1        if(P1_4==0){Delay(20);while(P1_4==0);Delay(20);key=15;} 
  35   1        
  36   1        P1_3=1,P1_2=1,P1_1=1,P1_0=0;
  37   1        if(P1_7==0){Delay(20);while(P1_7==0);Delay(20);key=4;}
  38   1        if(P1_6==0){Delay(20);while(P1_6==0);Delay(20);key=8;}
  39   1        if(P1_5==0){Delay(20);while(P1_5==0);Delay(20);key=12;}
  40   1        if(P1_4==0){Delay(20);while(P1_4==0);Delay(20);key=16;}   
  41   1        
  42   1        return key;
  43   1      }


MODULE INFORMATION:   STATIC OVERLAYABLE
   CODE SIZE        =    405    ----
   CONSTANT SIZE    =   ----    ----
   XDATA SIZE       =   ----    ----
   PDATA SIZE       =   ----    ----
   DATA SIZE        =   ----       1
   IDATA SIZE       =   ----    ----
   BIT SIZE         =   ----    ----
END OF MODULE INFORMATION.

C51 COMPILER V9.57.0.0   MATRIXKEYBOARD                                                    01/04/2023 11:03:46 PAGE 2   


C51 COMPILATION COMPLETE.  0 WARNING(S),  0 ERROR(S)
