C51 COMPILER V9.57.0.0   NIXIETUBE                                                         01/02/2023 17:34:16 PAGE 1   


C51 COMPILER V9.57.0.0, COMPILATION OF MODULE NIXIETUBE
OBJECT MODULE PLACED IN .\Objects\NixieTube.obj
COMPILER INVOKED BY: D:\Program Files (x86)\Keil\MDK\C51\BIN\C51.EXE NixieTube.c OPTIMIZE(8,SPEED) BROWSE DEBUG OBJECTEX
                    -TEND PRINT(.\Listings\NixieTube.lst) TABS(2) OBJECT(.\Objects\NixieTube.obj)

line level    source

   1          #include <REGX52.H> 
   2          
   3          //存储要显示的数字
   4          unsigned char arr[]={0X3f,0X06,0X5B,0X4F,0X66,0X6D,0X7D,0X07,0X7F,0X67};
   5           
   6           /********************************************************************************
   7           功能：指定数码管显示指定数字
   8           参数1：location 数码管位置，范围 1~8
   9           参数2：number 数码管要显示的数字，范围 0~9
  10           返回值：无
  11           ********************************************************************************/
  12          
  13           void nixieTube(unsigned char location,unsigned char number)
  14           {
  15   1         switch(location)
  16   1         {
  17   2           case 1:P2_4=1,P2_3=1,P2_2=1;break;
  18   2           case 2:P2_4=1,P2_3=1,P2_2=0;break;
  19   2           case 3:P2_4=1,P2_3=0,P2_2=1;break;
  20   2           case 4:P2_4=1,P2_3=0,P2_2=0;break;
  21   2           case 5:P2_4=0,P2_3=1,P2_2=1;break;
  22   2           case 6:P2_4=0,P2_3=1,P2_2=0;break;
  23   2           case 7:P2_4=0,P2_3=0,P2_2=1;break;
  24   2           case 8:P2_4=0,P2_3=0,P2_2=0;break;
  25   2         }
  26   1         P0=arr[number];
  27   1       }


MODULE INFORMATION:   STATIC OVERLAYABLE
   CODE SIZE        =     99    ----
   CONSTANT SIZE    =   ----    ----
   XDATA SIZE       =   ----    ----
   PDATA SIZE       =   ----    ----
   DATA SIZE        =     10    ----
   IDATA SIZE       =   ----    ----
   BIT SIZE         =   ----    ----
END OF MODULE INFORMATION.


C51 COMPILATION COMPLETE.  0 WARNING(S),  0 ERROR(S)
