C51 COMPILER V9.57.0.0   GETKEYNUM                                                         01/01/2023 14:00:41 PAGE 1   


C51 COMPILER V9.57.0.0, COMPILATION OF MODULE GETKEYNUM
OBJECT MODULE PLACED IN .\Objects\getKeyNum.obj
COMPILER INVOKED BY: D:\Program Files (x86)\Keil\MDK\C51\BIN\C51.EXE getKeyNum.c OPTIMIZE(8,SPEED) BROWSE DEBUG OBJECTEX
                    -TEND PRINT(.\Listings\getKeyNum.lst) TABS(2) OBJECT(.\Objects\getKeyNum.obj)

line level    source

   1          #include <REGX52.H>
   2          #include "Delay.h"
   3          
   4          sbit key1=P3^1;
   5          sbit key2=P3^0;
   6          sbit key3=P3^2;
   7          sbit key4=P3^3;
   8          
   9          /****************************************************************************************************
  10          功能：获取按下独立按键的键码
  11          参数：无
  12          返回值：按下按键的键码
  13          ****************************************************************************************************/
  14          
  15          unsigned int getKeyNum(void)
  16          {
  17   1        unsigned int keyNum=0;
  18   1        
  19   1        if(key1==0)
  20   1        {
  21   2          Delay(20);//消抖
  22   2          while(key1==0);//等待按键释放
  23   2          Delay(20);//消抖
  24   2          keyNum=1;
  25   2        }
  26   1        if(key2==0){Delay(20);while(key2==0);Delay(20);keyNum=2;}
  27   1        if(key3==0){Delay(20);while(key3==0);Delay(20);keyNum=3;}
  28   1        if(key4==0){Delay(20);while(key4==0);Delay(20);keyNum=4;}
  29   1        
  30   1        return keyNum;
  31   1      }


MODULE INFORMATION:   STATIC OVERLAYABLE
   CODE SIZE        =    113    ----
   CONSTANT SIZE    =   ----    ----
   XDATA SIZE       =   ----    ----
   PDATA SIZE       =   ----    ----
   DATA SIZE        =   ----       2
   IDATA SIZE       =   ----    ----
   BIT SIZE         =   ----    ----
END OF MODULE INFORMATION.


C51 COMPILATION COMPLETE.  0 WARNING(S),  0 ERROR(S)
