C51 COMPILER V9.57.0.0   DELAY                                                             01/07/2023 12:13:44 PAGE 1   


C51 COMPILER V9.57.0.0, COMPILATION OF MODULE DELAY
OBJECT MODULE PLACED IN .\Objects\Delay.obj
COMPILER INVOKED BY: D:\Program Files (x86)\Keil\MDK\C51\BIN\C51.EXE Delay.c OPTIMIZE(8,SPEED) BROWSE DEBUG OBJECTEXTEND
                    - PRINT(.\Listings\Delay.lst) TABS(2) OBJECT(.\Objects\Delay.obj)

line level    source

   1          #include <REGX52.H>
   2          
   3          /****************************************************************************************************
   4          功能：循环以达到延时效果
   5          参数：mill 要延时的毫秒
   6          返回值：无
   7          ****************************************************************************************************/
   8          void Delay(unsigned int mill)   //@11.952MHz
   9          {
  10   1        while(mill--){
  11   2          unsigned char i, j;
  12   2      
  13   2          i = 2;
  14   2          j = 237;
  15   2          do
  16   2          {
  17   3            while (--j);
  18   3          } while (--i);
  19   2        }
  20   1      }


MODULE INFORMATION:   STATIC OVERLAYABLE
   CODE SIZE        =     25    ----
   CONSTANT SIZE    =   ----    ----
   XDATA SIZE       =   ----    ----
   PDATA SIZE       =   ----    ----
   DATA SIZE        =   ----       2
   IDATA SIZE       =   ----    ----
   BIT SIZE         =   ----    ----
END OF MODULE INFORMATION.


C51 COMPILATION COMPLETE.  0 WARNING(S),  0 ERROR(S)
