C51 COMPILER V9.57.0.0   MAIN                                                              01/05/2023 16:02:14 PAGE 1   


C51 COMPILER V9.57.0.0, COMPILATION OF MODULE MAIN
OBJECT MODULE PLACED IN .\Objects\main.obj
COMPILER INVOKED BY: D:\Program Files (x86)\Keil\MDK\C51\BIN\C51.EXE main.c OPTIMIZE(8,SPEED) BROWSE DEBUG OBJECTEXTEND 
                    -PRINT(.\Listings\main.lst) TABS(2) OBJECT(.\Objects\main.obj)

line level    source

   1          /*
   2           *实现功能：
   3           *功能1：点阵屏静态显示
   4           *功能2：点阵屏动态显示
   5           */
   6          #include <REGX52.H>
   7          #include "MatrixScreen.h"
   8          #include "Delay.h"
   9          
  10          unsigned char code arr1[]={0x3C,0x42,0x89,0x85,0x85,0x89,0x42,0x3C};
  11          unsigned char code arr2[]=
  12            {0x00,0x00,0x00,0x00,
  13            0x00,0xFF,0x80,0xAB,0xFA,0xAB,0x80,0xFF,0x00,0x00,0x00,0x14,0x3C,0x14,0x3E,0x2A,
  14            0xFF,0x2A,0x3E,0x00,0x00,0x00,0x00,0x22,0x14,0x08,0x14,0x22,0x00,0x00,0x00,0x00
  15            };
  16          
  17          void main(void)
  18          {
  19   1        unsigned char i=0,j=0,count=0;
  20   1        //功能1
  21   1        while(1)
  22   1      //  {
  23   1      //    MatrixScreen_Show(1,arr1[0]);
  24   1      //    MatrixScreen_Show(2,arr1[1]);
  25   1      //    MatrixScreen_Show(3,arr1[2]);
  26   1      //    MatrixScreen_Show(4,arr1[3]);
  27   1      //    MatrixScreen_Show(5,arr1[4]);
  28   1      //    MatrixScreen_Show(6,arr1[5]);
  29   1      //    MatrixScreen_Show(7,arr1[6]);
  30   1      //    MatrixScreen_Show(8,arr1[7]);
  31   1      //  }
  32   1        //功能2
  33   1        while(1)
  34   1        {
  35   2            for(i=0;i<8;i++)
  36   2            {
  37   3              MatrixScreen_Show(i+1,arr2[i+j]);
  38   3            }
  39   2            count++;
  40   2            if(count==10)
  41   2            {
  42   3              j++;
  43   3              count=0;
  44   3              if(j==29)
  45   3                j=0;
  46   3            }
  47   2        }
  48   1      }


MODULE INFORMATION:   STATIC OVERLAYABLE
   CODE SIZE        =     57    ----
   CONSTANT SIZE    =     44    ----
   XDATA SIZE       =   ----    ----
C51 COMPILER V9.57.0.0   MAIN                                                              01/05/2023 16:02:14 PAGE 2   

   PDATA SIZE       =   ----    ----
   DATA SIZE        =   ----       3
   IDATA SIZE       =   ----    ----
   BIT SIZE         =   ----    ----
END OF MODULE INFORMATION.


C51 COMPILATION COMPLETE.  0 WARNING(S),  0 ERROR(S)
