C51 COMPILER V9.57.0.0   MATRIXSCREEN                                                      01/05/2023 15:36:37 PAGE 1   


C51 COMPILER V9.57.0.0, COMPILATION OF MODULE MATRIXSCREEN
OBJECT MODULE PLACED IN .\Objects\MatrixScreen.obj
COMPILER INVOKED BY: D:\Program Files (x86)\Keil\MDK\C51\BIN\C51.EXE MatrixScreen.c OPTIMIZE(8,SPEED) BROWSE DEBUG OBJEC
                    -TEXTEND PRINT(.\Listings\MatrixScreen.lst) TABS(2) OBJECT(.\Objects\MatrixScreen.obj)

line level    source

   1          #include <REGX52.H>
   2          #include "Delay.h"
   3          
   4          /**********************************************************************
   5          功能：74HC595芯片输出
   6          参数：datas 要输出的数据
   7          返回值：无
   8          **********************************************************************/
   9          sbit R_CLK=P3^5;//输出寄存器高电平数据发送，低电结束
  10          sbit SRCLK=P3^6;//高电平发送
  11          sbit SER=P3^4;//存放向输出寄存器发送的数据
  12          
  13          void _74HC595_Input(unsigned char datas)
  14          {
  15   1        unsigned char i=0;
  16   1        
  17   1        R_CLK=0;
  18   1        SRCLK=0;
  19   1        //每次取出最高位发送
  20   1        for(;i<8;i++)
  21   1        {
  22   2          //取出待发送数据的最高位
  23   2          SER=datas&(0X80>>i);
  24   2          //发送数据
  25   2          SRCLK=1;
  26   2          SRCLK=0;
  27   2        }
  28   1        //向输出寄存器发送数据
  29   1        R_CLK=1;
  30   1        R_CLK=0;
  31   1      }
  32          
  33          /**********************************************************************
  34          功能：点亮点阵屏指定位置的LED灯
  35          参数：column 选择列，datas 取模数据
  36          返回值：无
  37          **********************************************************************/
  38          unsigned char code arr[]={0X7F,0XBF,0XDF,0XEF,0XF7,0XFB,0XFD,0XFE};
  39          
  40          void MatrixScreen_Show(unsigned char column,unsigned char datas)
  41          {
  42   1        unsigned char i=0;
  43   1      
  44   1            _74HC595_Input(datas);
  45   1        P0=arr[column-1];
  46   1        Delay(1);
  47   1        //位清零，防止残影
  48   1        P0=0XFF;
  49   1      }
  50          


MODULE INFORMATION:   STATIC OVERLAYABLE
   CODE SIZE        =     79    ----
C51 COMPILER V9.57.0.0   MATRIXSCREEN                                                      01/05/2023 15:36:37 PAGE 2   

   CONSTANT SIZE    =      8    ----
   XDATA SIZE       =   ----    ----
   PDATA SIZE       =   ----    ----
   DATA SIZE        =   ----       1
   IDATA SIZE       =   ----    ----
   BIT SIZE         =   ----    ----
END OF MODULE INFORMATION.


C51 COMPILATION COMPLETE.  0 WARNING(S),  0 ERROR(S)
