C51 COMPILER V9.57.0.0   MAIN                                                              01/06/2023 15:01:01 PAGE 1   


C51 COMPILER V9.57.0.0, COMPILATION OF MODULE MAIN
OBJECT MODULE PLACED IN .\Objects\main.obj
COMPILER INVOKED BY: D:\Program Files (x86)\Keil\MDK\C51\BIN\C51.EXE main.c OPTIMIZE(8,SPEED) BROWSE DEBUG OBJECTEXTEND 
                    -PRINT(.\Listings\main.lst) TABS(2) OBJECT(.\Objects\main.obj)

line level    source

   1          /*
   2           *实现功能：
   3           *功能1：定时器实现LED灯闪烁
   4           *功能2：
   5           *功能3：
   6           */
   7          #include <REGX52.H>
   8          
   9          //寄存器定义
  10          
  11          sfr IPH=0XB7;
  12          /**********************************************************************
  13          功能：Timer1初始化
  14          参数：无
  15          返回值：无
  16          **********************************************************************/
  17          
  18          void Timer1_Init(void)
  19          {
  20   1        //TMOD寄存器配置
  21   1        TMOD=TMOD&0X0F;
  22   1        TMOD=TMOD|0X20;
  23   1        //定时器控制寄存器TCON配置
  24   1        TF1=0;
  25   1        TR1=1;
  26   1        //定时器初始值设置，最大2^16
  27   1        TL1=0xA4;//定时100微秒
  28   1        TH1=0xA4;
  29   1        //中断允许控制寄存器配置
  30   1        ET1=1;
  31   1        EA=1;
  32   1        //中断优先级配置
  33   1        IPH=IPH|0X08;
  34   1        PT1=1;
  35   1      }
  36          /**********************************************************************
  37          功能：Timer1定时器中断
  38          参数：无
  39          返回值：无
  40          **********************************************************************/
  41          
  42          unsigned char i=0;
  43          unsigned char j=0;
  44          void Timer1_Rountine(void) interrupt 3
  45          {
  46   1        i++;
  47   1        if(i==100){++j;i=0;}
  48   1        if(j==100){P2_0=~P2_0;j=0;}
  49   1      }
  50          
  51          void main(void)
  52          {
  53   1        Timer1_Init();
  54   1        while(1)
C51 COMPILER V9.57.0.0   MAIN                                                              01/06/2023 15:01:01 PAGE 2   

  55   1        {
  56   2          
  57   2        }
  58   1      }


MODULE INFORMATION:   STATIC OVERLAYABLE
   CODE SIZE        =     62    ----
   CONSTANT SIZE    =   ----    ----
   XDATA SIZE       =   ----    ----
   PDATA SIZE       =   ----    ----
   DATA SIZE        =      2    ----
   IDATA SIZE       =   ----    ----
   BIT SIZE         =   ----    ----
END OF MODULE INFORMATION.


C51 COMPILATION COMPLETE.  0 WARNING(S),  0 ERROR(S)
